-------------------------------------------------------------------------------
Test set: com.userdeptapicloudapi.UserDeptMicroSerApiCloudGatewayApplicationTests
-------------------------------------------------------------------------------
Tests run: 1, Failures: 0, Errors: 1, Skipped: 0, Time elapsed: 27.318 s <<< FAILURE! - in com.userdeptapicloudapi.UserDeptMicroSerApiCloudGatewayApplicationTests
contextLoads  Time elapsed: 0.017 s  <<< ERROR!
java.lang.IllegalStateException: Failed to load ApplicationContext
Caused by: org.springframework.context.ApplicationContextException: Failed to start bean 'eurekaAutoServiceRegistration'; nested exception is java.lang.IllegalArgumentException: Unable to find GatewayFilterFactory with name CiruitBreaker
Caused by: java.lang.IllegalArgumentException: Unable to find GatewayFilterFactory with name CiruitBreaker

